<?xml version="1.0" encoding="utf-8" standalone="no"?>
<!--This file represents the results of running a test suite-->
<test-results name="C:\Users\Carterj3-Tower\Documents\GitHub\Caesura\Caesura\Caesura\CaesuraTest\bin\Debug\CaesuraTest.dll" total="20" errors="1" failures="0" not-run="0" inconclusive="0" ignored="0" skipped="0" invalid="0" date="2013-04-11" time="21:10:37">
  <environment nunit-version="2.6.2.12296" clr-version="2.0.50727.5466" os-version="Microsoft Windows NT 6.1.7601 Service Pack 1" platform="Win32NT" cwd="C:\Program Files (x86)\NUnit 2.6.2\bin" machine-name="CARTERJ3TOWER" user="Carterj3-Tower" user-domain="Carterj3Tower" />
  <culture-info current-culture="en-US" current-uiculture="en-US" />
  <test-suite type="Assembly" name="C:\Users\Carterj3-Tower\Documents\GitHub\Caesura\Caesura\Caesura\CaesuraTest\bin\Debug\CaesuraTest.dll" executed="True" result="Failure" success="False" time="5.587" asserts="0">
    <results>
      <test-suite type="Namespace" name="CaesuraTest" executed="True" result="Failure" success="False" time="5.533" asserts="0">
        <results>
          <test-suite type="TestFixture" name="TestClient" executed="True" result="Success" success="True" time="0.618" asserts="0">
            <results>
              <test-case name="CaesuraTest.TestClient.TestClientLoginRealConnectionSuccess" executed="True" result="Success" success="True" time="0.544" asserts="1" />
              <test-case name="CaesuraTest.TestClient.TestClientRequestFileRealConnectionSuccess" executed="True" result="Success" success="True" time="0.011" asserts="1" />
            </results>
          </test-suite>
          <test-suite type="TestFixture" name="TestClientConnection" executed="True" result="Success" success="True" time="0.051" asserts="0">
            <results>
              <test-case name="CaesuraTest.TestClientConnection.TestClientConnectionConstructorNotNull" executed="True" result="Success" success="True" time="0.035" asserts="1" />
              <test-case name="CaesuraTest.TestClientConnection.TestClientConnectionLoginSuccess" executed="True" result="Success" success="True" time="0.004" asserts="1" />
              <test-case name="CaesuraTest.TestClientConnection.TestClientRequestFileSuccess" executed="True" result="Success" success="True" time="0.003" asserts="1" />
            </results>
          </test-suite>
          <test-suite type="TestFixture" name="TestClientServerIntegration" executed="True" result="Failure" success="False" time="4.634" asserts="0">
            <results>
              <test-case name="CaesuraTest.TestClientServerIntegration.TestClientServerIntegrationClientRequestFileGeneric" executed="True" result="Error" success="False" time="4.633" asserts="1">
                <failure>
                  <message><![CDATA[System.ArgumentNullException : Array cannot be null.
Parameter name: bytes]]></message>
                  <stack-trace><![CDATA[at System.Text.Encoding.GetString(Byte[] bytes)
at iSocket.aSocket.bytesToString(Byte[] bytes) in c:\Users\Carterj3-Tower\Documents\GitHub\Caesura\Caesura\Caesura\iSocket\aSocket.cs:line 31
at Client.Connection.login(String username, String password) in c:\Users\Carterj3-Tower\Documents\GitHub\Caesura\Caesura\Caesura\Client\Connection.cs:line 34
at Client.Client.login(String username, String password) in c:\Users\Carterj3-Tower\Documents\GitHub\Caesura\Caesura\Caesura\Client\Client.cs:line 51
at CaesuraTest.TestClientServerIntegration.TestClientServerIntegrationClientRequestFileGeneric() in c:\Users\Carterj3-Tower\Documents\GitHub\Caesura\Caesura\Caesura\CaesuraTest\TestClientServerIntegration.cs:line 52
]]></stack-trace>
                </failure>
              </test-case>
            </results>
          </test-suite>
          <test-suite type="TestFixture" name="TestServer" executed="True" result="Success" success="True" time="0.058" asserts="0">
            <results>
              <test-case name="CaesuraTest.TestServer.TestServerConstructor" executed="True" result="Success" success="True" time="0.024" asserts="1" />
              <test-case name="CaesuraTest.TestServer.TestServerRunSingleConnection" executed="True" result="Success" success="True" time="0.023" asserts="2" />
              <test-case name="CaesuraTest.TestServer.TestServerStop" executed="True" result="Success" success="True" time="0.001" asserts="1" />
            </results>
          </test-suite>
          <test-suite type="TestFixture" name="TestServerConnection" executed="True" result="Success" success="True" time="0.113" asserts="0">
            <results>
              <test-case name="CaesuraTest.TestServerConnection.MockSocketMultipleRecieveAsserts" executed="True" result="Success" success="True" time="0.046" asserts="2" />
              <test-case name="CaesuraTest.TestServerConnection.MockSocketRecieve" executed="True" result="Success" success="True" time="0.001" asserts="1" />
              <test-case name="CaesuraTest.TestServerConnection.ServerConnectionConstructor" executed="True" result="Success" success="True" time="0.000" asserts="1" />
              <test-case name="CaesuraTest.TestServerConnection.ServerConnectionOnRecieveFileRequestAllowed" executed="True" result="Success" success="True" time="0.007" asserts="0" />
              <test-case name="CaesuraTest.TestServerConnection.ServerConnectionOnRecieveQuit" executed="True" result="Success" success="True" time="0.003" asserts="0" />
              <test-case name="CaesuraTest.TestServerConnection.ServerConnectionReadFileBeginingFour" executed="True" result="Success" success="True" time="0.002" asserts="1" />
              <test-case name="CaesuraTest.TestServerConnection.ServerConnectionReadFileEntireFile" executed="True" result="Success" success="True" time="0.000" asserts="1" />
              <test-case name="CaesuraTest.TestServerConnection.ServerConnectionReadFileSubsection" executed="True" result="Success" success="True" time="0.001" asserts="1" />
              <test-case name="CaesuraTest.TestServerConnection.ServerConnectionSendFile" executed="True" result="Success" success="True" time="0.002" asserts="0" />
              <test-case name="CaesuraTest.TestServerConnection.ServerConnectionValidation" executed="True" result="Success" success="True" time="0.004" asserts="2" />
              <test-case name="CaesuraTest.TestServerConnection.TestServerConnectionSplitMessage" executed="True" result="Success" success="True" time="0.000" asserts="2" />
            </results>
          </test-suite>
        </results>
      </test-suite>
    </results>
  </test-suite>
</test-results>