<?xml version="1.0" encoding="utf-8" standalone="no"?>
<!--This file represents the results of running a test suite-->
<test-results name="C:\Users\Carterj3-Tower\Documents\GitHub\Caesura\Caesura\Caesura\CaesuraTest\bin\Debug\CaesuraTest.dll" total="13" errors="0" failures="0" not-run="0" inconclusive="0" ignored="0" skipped="0" invalid="0" date="2013-04-10" time="18:31:20">
  <environment nunit-version="2.6.2.12296" clr-version="2.0.50727.5466" os-version="Microsoft Windows NT 6.1.7601 Service Pack 1" platform="Win32NT" cwd="C:\Program Files (x86)\NUnit 2.6.2\bin" machine-name="CARTERJ3TOWER" user="Carterj3-Tower" user-domain="Carterj3Tower" />
  <culture-info current-culture="en-US" current-uiculture="en-US" />
  <test-suite type="Assembly" name="C:\Users\Carterj3-Tower\Documents\GitHub\Caesura\Caesura\Caesura\CaesuraTest\bin\Debug\CaesuraTest.dll" executed="True" result="Success" success="True" time="0.755" asserts="0">
    <results>
      <test-suite type="Namespace" name="CaesuraTest" executed="True" result="Success" success="True" time="0.728" asserts="0">
        <results>
          <test-suite type="TestFixture" name="TestServer" executed="True" result="Success" success="True" time="0.621" asserts="0">
            <results>
              <test-case name="CaesuraTest.TestServer.TestServerConstructor" executed="True" result="Success" success="True" time="0.433" asserts="1" />
              <test-case name="CaesuraTest.TestServer.TestServerRunSingleConnection" executed="True" result="Success" success="True" time="0.110" asserts="2" />
              <test-case name="CaesuraTest.TestServer.TestServerStop" executed="True" result="Success" success="True" time="0.000" asserts="1" />
            </results>
          </test-suite>
          <test-suite type="TestFixture" name="TestServerConnection" executed="True" result="Success" success="True" time="0.101" asserts="0">
            <results>
              <test-case name="CaesuraTest.TestServerConnection.MockSocketMultipleRecieveAsserts" executed="True" result="Success" success="True" time="0.046" asserts="2" />
              <test-case name="CaesuraTest.TestServerConnection.MockSocketRecieve" executed="True" result="Success" success="True" time="0.001" asserts="1" />
              <test-case name="CaesuraTest.TestServerConnection.ServerConnectionConstructor" executed="True" result="Success" success="True" time="0.000" asserts="1" />
              <test-case name="CaesuraTest.TestServerConnection.ServerConnectionOnRecieveFileRequestAllowed" executed="True" result="Success" success="True" time="0.009" asserts="0" />
              <test-case name="CaesuraTest.TestServerConnection.ServerConnectionReadFileBeginingFour" executed="True" result="Success" success="True" time="0.002" asserts="1" />
              <test-case name="CaesuraTest.TestServerConnection.ServerConnectionReadFileEntireFile" executed="True" result="Success" success="True" time="0.001" asserts="1" />
              <test-case name="CaesuraTest.TestServerConnection.ServerConnectionReadFileSubsection" executed="True" result="Success" success="True" time="0.001" asserts="1" />
              <test-case name="CaesuraTest.TestServerConnection.ServerConnectionSendFile" executed="True" result="Success" success="True" time="0.002" asserts="0" />
              <test-case name="CaesuraTest.TestServerConnection.ServerConnectionValidation" executed="True" result="Success" success="True" time="0.005" asserts="2" />
              <test-case name="CaesuraTest.TestServerConnection.TestServerConnectionSplitMessage" executed="True" result="Success" success="True" time="0.000" asserts="2" />
            </results>
          </test-suite>
        </results>
      </test-suite>
    </results>
  </test-suite>
</test-results>