<?xml version="1.0" encoding="utf-8" standalone="no"?>
<!--This file represents the results of running a test suite-->
<test-results name="C:\Users\Carterj3-Tower\Documents\GitHub\Caesura\Caesura\Caesura\CaesuraTest\bin\Debug\CaesuraTest.dll" total="1" errors="1" failures="0" not-run="0" inconclusive="0" ignored="0" skipped="0" invalid="0" date="2013-04-12" time="02:17:44">
  <environment nunit-version="2.6.2.12296" clr-version="2.0.50727.5466" os-version="Microsoft Windows NT 6.1.7601 Service Pack 1" platform="Win32NT" cwd="C:\Program Files (x86)\NUnit 2.6.2\bin" machine-name="CARTERJ3TOWER" user="Carterj3-Tower" user-domain="Carterj3Tower" />
  <culture-info current-culture="en-US" current-uiculture="en-US" />
  <test-suite type="Assembly" name="C:\Users\Carterj3-Tower\Documents\GitHub\Caesura\Caesura\Caesura\CaesuraTest\bin\Debug\CaesuraTest.dll" executed="True" result="Failure" success="False" time="0.008" asserts="0">
    <results>
      <test-suite type="Namespace" name="CaesuraTest" executed="True" result="Failure" success="False" time="0.007" asserts="0">
        <results>
          <test-suite type="TestFixture" name="TestServerConnection" executed="True" result="Failure" success="False" time="0.006" asserts="0">
            <results>
              <test-case name="CaesuraTest.TestServerConnection.MockSocketMultipleRecieveAsserts" executed="True" result="Error" success="False" time="0.002" asserts="2">
                <failure>
                  <message><![CDATA[System.InvalidOperationException : The object 'Rhino.Mocks.MockRepository' is not a mocked object.]]></message>
                  <stack-trace><![CDATA[at Rhino.Mocks.RhinoMocksExtensions.VerifyAllExpectations(Object mockObject)
at CaesuraTest.TestServerConnection.MockSocketMultipleRecieveAsserts() in c:\Users\Carterj3-Tower\Documents\GitHub\Caesura\Caesura\Caesura\CaesuraTest\TestServerConnection.cs:line 69
]]></stack-trace>
                </failure>
              </test-case>
            </results>
          </test-suite>
        </results>
      </test-suite>
    </results>
  </test-suite>
</test-results>