<?xml version="1.0" encoding="utf-8" standalone="no"?>
<!--This file represents the results of running a test suite-->
<test-results name="C:\Users\Carterj3-Tower\Documents\GitHub\Caesura\Caesura\Caesura\CaesuraTest\bin\Debug\CaesuraTest.dll" total="16" errors="1" failures="0" not-run="0" inconclusive="0" ignored="0" skipped="0" invalid="0" date="2013-04-11" time="13:53:32">
  <environment nunit-version="2.6.2.12296" clr-version="2.0.50727.5466" os-version="Microsoft Windows NT 6.1.7601 Service Pack 1" platform="Win32NT" cwd="C:\Program Files (x86)\NUnit 2.6.2\bin" machine-name="CARTERJ3TOWER" user="Carterj3-Tower" user-domain="Carterj3Tower" />
  <culture-info current-culture="en-US" current-uiculture="en-US" />
  <test-suite type="Assembly" name="C:\Users\Carterj3-Tower\Documents\GitHub\Caesura\Caesura\Caesura\CaesuraTest\bin\Debug\CaesuraTest.dll" executed="True" result="Failure" success="False" time="0.109" asserts="0">
    <results>
      <test-suite type="Namespace" name="CaesuraTest" executed="True" result="Failure" success="False" time="0.109" asserts="0">
        <results>
          <test-suite type="TestFixture" name="TestClientConnection" executed="True" result="Failure" success="False" time="0.010" asserts="0">
            <results>
              <test-case name="CaesuraTest.TestClientConnection.TestClientConnectionConstructorNotNull" executed="True" result="Success" success="True" time="0.000" asserts="1" />
              <test-case name="CaesuraTest.TestClientConnection.TestClientConnectionLoginSuccess" executed="True" result="Error" success="False" time="0.002" asserts="0">
                <failure>
                  <message><![CDATA[System.NotImplementedException : The method or operation is not implemented.]]></message>
                  <stack-trace><![CDATA[at Client.Connection.login(String username, String password) in c:\Users\Carterj3-Tower\Documents\GitHub\Caesura\Caesura\Caesura\Client\Connection.cs:line 23
at CaesuraTest.TestClientConnection.TestClientConnectionLoginSuccess() in c:\Users\Carterj3-Tower\Documents\GitHub\Caesura\Caesura\Caesura\CaesuraTest\TestClientConnection.cs:line 65
]]></stack-trace>
                </failure>
              </test-case>
            </results>
          </test-suite>
          <test-suite type="TestFixture" name="TestServer" executed="True" result="Success" success="True" time="0.016" asserts="0">
            <results>
              <test-case name="CaesuraTest.TestServer.TestServerConstructor" executed="True" result="Success" success="True" time="0.000" asserts="1" />
              <test-case name="CaesuraTest.TestServer.TestServerRunSingleConnection" executed="True" result="Success" success="True" time="0.002" asserts="2" />
              <test-case name="CaesuraTest.TestServer.TestServerStop" executed="True" result="Success" success="True" time="0.000" asserts="1" />
            </results>
          </test-suite>
          <test-suite type="TestFixture" name="TestServerConnection" executed="True" result="Success" success="True" time="0.051" asserts="0">
            <results>
              <test-case name="CaesuraTest.TestServerConnection.MockSocketMultipleRecieveAsserts" executed="True" result="Success" success="True" time="0.000" asserts="2" />
              <test-case name="CaesuraTest.TestServerConnection.MockSocketRecieve" executed="True" result="Success" success="True" time="0.001" asserts="1" />
              <test-case name="CaesuraTest.TestServerConnection.ServerConnectionConstructor" executed="True" result="Success" success="True" time="0.000" asserts="1" />
              <test-case name="CaesuraTest.TestServerConnection.ServerConnectionOnRecieveFileRequestAllowed" executed="True" result="Success" success="True" time="0.001" asserts="0" />
              <test-case name="CaesuraTest.TestServerConnection.ServerConnectionOnRecieveQuit" executed="True" result="Success" success="True" time="0.001" asserts="0" />
              <test-case name="CaesuraTest.TestServerConnection.ServerConnectionReadFileBeginingFour" executed="True" result="Success" success="True" time="0.000" asserts="1" />
              <test-case name="CaesuraTest.TestServerConnection.ServerConnectionReadFileEntireFile" executed="True" result="Success" success="True" time="0.000" asserts="1" />
              <test-case name="CaesuraTest.TestServerConnection.ServerConnectionReadFileSubsection" executed="True" result="Success" success="True" time="0.000" asserts="1" />
              <test-case name="CaesuraTest.TestServerConnection.ServerConnectionSendFile" executed="True" result="Success" success="True" time="0.001" asserts="0" />
              <test-case name="CaesuraTest.TestServerConnection.ServerConnectionValidation" executed="True" result="Success" success="True" time="0.001" asserts="2" />
              <test-case name="CaesuraTest.TestServerConnection.TestServerConnectionSplitMessage" executed="True" result="Success" success="True" time="0.000" asserts="2" />
            </results>
          </test-suite>
        </results>
      </test-suite>
    </results>
  </test-suite>
</test-results>