<?xml version="1.0" encoding="utf-8" standalone="no"?>
<!--This file represents the results of running a test suite-->
<test-results name="C:\Users\stewarzt\Documents\GitHub\Caesura\Caesura\Caesura\bin\Debug\Caesura.dll" total="6" errors="0" failures="0" not-run="0" inconclusive="0" ignored="0" skipped="0" invalid="0" date="2013-03-22" time="10:12:39">
  <environment nunit-version="2.6.2.12296" clr-version="2.0.50727.5466" os-version="Microsoft Windows NT 6.1.7601 Service Pack 1" platform="Win32NT" cwd="C:\Program Files\NUnit 2.6.2\bin" machine-name="STEWARZT-1" user="stewarzt" user-domain="STEWARZT-1" />
  <culture-info current-culture="en-US" current-uiculture="en-US" />
  <test-suite type="Assembly" name="C:\Users\stewarzt\Documents\GitHub\Caesura\Caesura\Caesura\bin\Debug\Caesura.dll" executed="True" result="Success" success="True" time="0.253" asserts="0">
    <results>
      <test-suite type="Namespace" name="Caesura" executed="True" result="Success" success="True" time="0.230" asserts="0">
        <results>
          <test-suite type="TestFixture" name="UserRegTests" executed="True" result="Success" success="True" time="0.227" asserts="0">
            <results>
              <test-case name="Caesura.UserRegTests.initializeTest" executed="True" result="Success" success="True" time="0.042" asserts="1" />
              <test-case name="Caesura.UserRegTests.nameAcceptTest" executed="True" result="Success" success="True" time="0.013" asserts="1" />
              <test-case name="Caesura.UserRegTests.nullNameTest" executed="True" result="Success" success="True" time="0.057" asserts="0" />
              <test-case name="Caesura.UserRegTests.nullPassTest" executed="True" result="Success" success="True" time="0.003" asserts="0" />
              <test-case name="Caesura.UserRegTests.passAcceptTest" executed="True" result="Success" success="True" time="0.000" asserts="1" />
              <test-case name="Caesura.UserRegTests.testWritten" executed="True" result="Success" success="True" time="0.024" asserts="1" />
            </results>
          </test-suite>
        </results>
      </test-suite>
    </results>
  </test-suite>
</test-results>