<?xml version="1.0" encoding="utf-8" standalone="no"?>
<!--This file represents the results of running a test suite-->
<test-results name="C:\Users\Carterj3-Tower\Documents\GitHub\Caesura\Caesura\Caesura\bin\Debug\Caesura.dll" total="1" errors="0" failures="0" not-run="0" inconclusive="0" ignored="0" skipped="0" invalid="0" date="2013-03-28" time="07:19:02">
  <environment nunit-version="2.6.2.12296" clr-version="2.0.50727.5466" os-version="Microsoft Windows NT 6.1.7601 Service Pack 1" platform="Win32NT" cwd="C:\Program Files (x86)\NUnit 2.6.2\bin" machine-name="CARTERJ3TOWER" user="Carterj3-Tower" user-domain="Carterj3Tower" />
  <culture-info current-culture="en-US" current-uiculture="en-US" />
  <test-suite type="Assembly" name="C:\Users\Carterj3-Tower\Documents\GitHub\Caesura\Caesura\Caesura\bin\Debug\Caesura.dll" executed="True" result="Success" success="True" time="0.632" asserts="0">
    <results>
      <test-suite type="Namespace" name="Caesura" executed="True" result="Success" success="True" time="0.606" asserts="0">
        <results>
          <test-suite type="TestFixture" name="clientAndserverTest" executed="True" result="Success" success="True" time="0.603" asserts="0">
            <results>
              <test-case name="Caesura.clientAndserverTest.generic001Test" executed="True" result="Success" success="True" time="0.585" asserts="1" />
            </results>
          </test-suite>
        </results>
      </test-suite>
    </results>
  </test-suite>
</test-results>