<?xml version="1.0" encoding="utf-8" standalone="no"?>
<!--This file represents the results of running a test suite-->
<test-results name="C:\Users\Carterj3-Tower\Documents\GitHub\Caesura\Caesura\Caesura\bin\Debug\Caesura.dll" total="3" errors="0" failures="1" not-run="0" inconclusive="0" ignored="0" skipped="0" invalid="0" date="2013-03-21" time="08:20:25">
  <environment nunit-version="2.6.2.12296" clr-version="2.0.50727.5466" os-version="Microsoft Windows NT 6.1.7601 Service Pack 1" platform="Win32NT" cwd="C:\Program Files (x86)\NUnit 2.6.2\bin" machine-name="CARTERJ3TOWER" user="Carterj3-Tower" user-domain="Carterj3Tower" />
  <culture-info current-culture="en-US" current-uiculture="en-US" />
  <test-suite type="Assembly" name="C:\Users\Carterj3-Tower\Documents\GitHub\Caesura\Caesura\Caesura\bin\Debug\Caesura.dll" executed="True" result="Failure" success="False" time="0.621" asserts="0">
    <results>
      <test-suite type="Namespace" name="Caesura" executed="True" result="Failure" success="False" time="0.594" asserts="0">
        <results>
          <test-suite type="TestFixture" name="serverTest" executed="True" result="Failure" success="False" time="0.591" asserts="0">
            <results>
              <test-case name="Caesura.serverTest.testServerListen" executed="True" result="Failure" success="False" time="0.524" asserts="1">
                <failure>
                  <message><![CDATA[  Expected: same as <Castle.Proxies.iSocketProxy4062860ea46c44c18f20d608a634a908>
  But was:  <Castle.Proxies.iSocketProxy4062860ea46c44c18f20d608a634a908>
]]></message>
                  <stack-trace><![CDATA[at Caesura.serverTest.testServerListen() in c:\Users\Carterj3-Tower\Documents\GitHub\Caesura\Caesura\Caesura\serverTest.cs:line 59
]]></stack-trace>
                </failure>
              </test-case>
              <test-case name="Caesura.serverTest.testServerNoParameterConstructor" executed="True" result="Success" success="True" time="0.017" asserts="1" />
              <test-case name="Caesura.serverTest.testServerSetSocket" executed="True" result="Success" success="True" time="0.000" asserts="1" />
            </results>
          </test-suite>
        </results>
      </test-suite>
    </results>
  </test-suite>
</test-results>