<?xml version="1.0" encoding="utf-8" standalone="no"?>
<!--This file represents the results of running a test suite-->
<test-results name="C:\Users\Carterj3-Tower\Documents\GitHub\Caesura\Caesura\CaesuraTest\bin\Debug\CaesuraTest.dll" total="7" errors="0" failures="0" not-run="0" inconclusive="0" ignored="0" skipped="0" invalid="0" date="2013-04-10" time="11:19:09">
  <environment nunit-version="2.6.2.12296" clr-version="2.0.50727.5466" os-version="Microsoft Windows NT 6.1.7601 Service Pack 1" platform="Win32NT" cwd="C:\Program Files (x86)\NUnit 2.6.2\bin" machine-name="CARTERJ3TOWER" user="Carterj3-Tower" user-domain="Carterj3Tower" />
  <culture-info current-culture="en-US" current-uiculture="en-US" />
  <test-suite type="Assembly" name="C:\Users\Carterj3-Tower\Documents\GitHub\Caesura\Caesura\CaesuraTest\bin\Debug\CaesuraTest.dll" executed="True" result="Success" success="True" time="0.690" asserts="0">
    <results>
      <test-suite type="Namespace" name="CaesuraTest" executed="True" result="Success" success="True" time="0.663" asserts="0">
        <results>
          <test-suite type="TestFixture" name="TestServerConnection" executed="True" result="Success" success="True" time="0.660" asserts="0">
            <results>
              <test-case name="CaesuraTest.TestServerConnection.MockSocketMultipleRecieveAsserts" executed="True" result="Success" success="True" time="0.534" asserts="2" />
              <test-case name="CaesuraTest.TestServerConnection.MockSocketRecieve" executed="True" result="Success" success="True" time="0.008" asserts="1" />
              <test-case name="CaesuraTest.TestServerConnection.ServerConnectionConstructor" executed="True" result="Success" success="True" time="0.015" asserts="1" />
              <test-case name="CaesuraTest.TestServerConnection.ServerConnectionReadFileBeginingFour" executed="True" result="Success" success="True" time="0.003" asserts="1" />
              <test-case name="CaesuraTest.TestServerConnection.ServerConnectionReadFileEntireFile" executed="True" result="Success" success="True" time="0.001" asserts="1" />
              <test-case name="CaesuraTest.TestServerConnection.ServerConnectionReadFileSubsection" executed="True" result="Success" success="True" time="0.001" asserts="1" />
              <test-case name="CaesuraTest.TestServerConnection.ServerConnectionValidation" executed="True" result="Success" success="True" time="0.012" asserts="2" />
            </results>
          </test-suite>
        </results>
      </test-suite>
    </results>
  </test-suite>
</test-results>