<?xml version="1.0" encoding="utf-8" standalone="no"?>
<!--This file represents the results of running a test suite-->
<test-results name="C:\Users\Austin\.ssh\Caesura\Caesura\CaesuraTest\bin\Debug\CaesuraTest.dll" total="5" errors="1" failures="0" not-run="0" inconclusive="0" ignored="0" skipped="0" invalid="0" date="2013-03-21" time="13:00:35">
  <environment nunit-version="2.6.2.12296" clr-version="2.0.50727.6400" os-version="Microsoft Windows NT 6.2.9200.0" platform="Win32NT" cwd="C:\Program Files (x86)\NUnit 2.6.2\bin" machine-name="UPHUSAR" user="Austin" user-domain="UPHUSAR" />
  <culture-info current-culture="en-US" current-uiculture="en-US" />
  <test-suite type="Assembly" name="C:\Users\Austin\.ssh\Caesura\Caesura\CaesuraTest\bin\Debug\CaesuraTest.dll" executed="True" result="Failure" success="False" time="0.031" asserts="0">
    <results>
      <test-suite type="Namespace" name="CaesuraTest" executed="True" result="Failure" success="False" time="0.030" asserts="0">
        <results>
          <test-suite type="TestFixture" name="SearchTest" executed="True" result="Failure" success="False" time="0.030" asserts="0">
            <results>
              <test-case name="CaesuraTest.SearchTest.TestFileExists" executed="True" result="Success" success="True" time="0.000" asserts="1" />
              <test-case name="CaesuraTest.SearchTest.TestFilesContainingTags" executed="True" result="Success" success="True" time="0.000" asserts="0" />
              <test-case name="CaesuraTest.SearchTest.TestFilesTaggedAs" executed="True" result="Success" success="True" time="0.000" asserts="0" />
              <test-case name="CaesuraTest.SearchTest.TestGetTags" executed="True" result="Success" success="True" time="0.006" asserts="1" />
              <test-case name="CaesuraTest.SearchTest.TestGetTagsFileDoesntExit" executed="True" result="Error" success="False" time="0.014" asserts="0">
                <failure>
                  <message><![CDATA[System.NullReferenceException : Object reference not set to an instance of an object.]]></message>
                  <stack-trace><![CDATA[at Caesura.Search.GetTags(String path, String file) in c:\Users\Austin\.ssh\Caesura\Caesura\Caesura\Search.cs:line 36
at CaesuraTest.SearchTest.TestGetTagsFileDoesntExit() in c:\Users\Austin\.ssh\Caesura\Caesura\CaesuraTest\SearchTest.cs:line 41
]]></stack-trace>
                </failure>
              </test-case>
            </results>
          </test-suite>
        </results>
      </test-suite>
    </results>
  </test-suite>
</test-results>